<?xml version="1.0" encoding="UTF-8"?>
<Site BuildName="Win32-mingw32-make"
	BuildStamp="20241029-0636-Experimental"
	Name="DESKTOP-511BC3E"
	Generator="ctest-3.26.4-msvc4"
	CompilerName="C:/msys64/ucrt64/bin/g++.exe"
	CompilerVersion="14.2.0"
	OSName="Windows"
	Hostname="DESKTOP-511BC3E"
	OSRelease=" Personal"
	OSVersion=" (Build 22631)"
	OSPlatform="AMD64"
	Is64Bits="1"
	VendorString="GenuineIntel"
	VendorID="Intel Corporation"
	FamilyID="6"
	ModelID="10"
	ProcessorCacheSize="-1"
	NumberOfLogicalCPU="16"
	NumberOfPhysicalCPU="12"
	TotalVirtualMemory="22953"
	TotalPhysicalMemory="16041"
	LogicalProcessorsPerPhysical="1"
	ProcessorClockFrequency="2611"
	>
	<Testing>
		<StartDateTime>Oct 28 23:36 Pacific Daylight Time</StartDateTime>
		<StartTestTime>1730183794</StartTestTime>
		<TestList/>
		<EndDateTime>Oct 28 23:36 Pacific Daylight Time</EndDateTime>
		<EndTestTime>1730183794</EndTestTime>
		<ElapsedMinutes>0</ElapsedMinutes>
	</Testing>
</Site>
